
music.elf:     file format elf32-avr

Sections:
Idx Name          Size      VMA       LMA       File off  Algn
  0 .data         00000000  00800100  000000d0  00000144  2**0
                  CONTENTS, ALLOC, LOAD, DATA
  1 .text         000000d0  00000000  00000000  00000074  2**1
                  CONTENTS, ALLOC, LOAD, READONLY, CODE
  2 .stab         000005a0  00000000  00000000  00000144  2**2
                  CONTENTS, READONLY, DEBUGGING
  3 .stabstr      00000c75  00000000  00000000  000006e4  2**0
                  CONTENTS, READONLY, DEBUGGING
  4 .comment      00000011  00000000  00000000  00001359  2**0
                  CONTENTS, READONLY
  5 .note.gnu.avr.deviceinfo 00000040  00000000  00000000  0000136c  2**2
                  CONTENTS, READONLY
  6 .debug_info   000005f4  00000000  00000000  000013ac  2**0
                  CONTENTS, READONLY, DEBUGGING
  7 .debug_abbrev 000005a2  00000000  00000000  000019a0  2**0
                  CONTENTS, READONLY, DEBUGGING
  8 .debug_line   0000001a  00000000  00000000  00001f42  2**0
                  CONTENTS, READONLY, DEBUGGING
  9 .debug_str    00000208  00000000  00000000  00001f5c  2**0
                  CONTENTS, READONLY, DEBUGGING

Disassembly of section .text:

00000000 <__vectors>:
   0:	0c 94 34 00 	jmp	0x68	; 0x68 <__ctors_end>
   4:	0c 94 3e 00 	jmp	0x7c	; 0x7c <__bad_interrupt>
   8:	0c 94 3e 00 	jmp	0x7c	; 0x7c <__bad_interrupt>
   c:	0c 94 3e 00 	jmp	0x7c	; 0x7c <__bad_interrupt>
  10:	0c 94 3e 00 	jmp	0x7c	; 0x7c <__bad_interrupt>
  14:	0c 94 3e 00 	jmp	0x7c	; 0x7c <__bad_interrupt>
  18:	0c 94 3e 00 	jmp	0x7c	; 0x7c <__bad_interrupt>
  1c:	0c 94 3e 00 	jmp	0x7c	; 0x7c <__bad_interrupt>
  20:	0c 94 3e 00 	jmp	0x7c	; 0x7c <__bad_interrupt>
  24:	0c 94 3e 00 	jmp	0x7c	; 0x7c <__bad_interrupt>
  28:	0c 94 3e 00 	jmp	0x7c	; 0x7c <__bad_interrupt>
  2c:	0c 94 3e 00 	jmp	0x7c	; 0x7c <__bad_interrupt>
  30:	0c 94 3e 00 	jmp	0x7c	; 0x7c <__bad_interrupt>
  34:	0c 94 3e 00 	jmp	0x7c	; 0x7c <__bad_interrupt>
  38:	0c 94 3e 00 	jmp	0x7c	; 0x7c <__bad_interrupt>
  3c:	0c 94 3e 00 	jmp	0x7c	; 0x7c <__bad_interrupt>
  40:	0c 94 3e 00 	jmp	0x7c	; 0x7c <__bad_interrupt>
  44:	0c 94 3e 00 	jmp	0x7c	; 0x7c <__bad_interrupt>
  48:	0c 94 3e 00 	jmp	0x7c	; 0x7c <__bad_interrupt>
  4c:	0c 94 3e 00 	jmp	0x7c	; 0x7c <__bad_interrupt>
  50:	0c 94 3e 00 	jmp	0x7c	; 0x7c <__bad_interrupt>
  54:	0c 94 3e 00 	jmp	0x7c	; 0x7c <__bad_interrupt>
  58:	0c 94 3e 00 	jmp	0x7c	; 0x7c <__bad_interrupt>
  5c:	0c 94 3e 00 	jmp	0x7c	; 0x7c <__bad_interrupt>
  60:	0c 94 3e 00 	jmp	0x7c	; 0x7c <__bad_interrupt>
  64:	0c 94 3e 00 	jmp	0x7c	; 0x7c <__bad_interrupt>

00000068 <__ctors_end>:
  68:	11 24       	eor	r1, r1
  6a:	1f be       	out	0x3f, r1	; 63
  6c:	cf ef       	ldi	r28, 0xFF	; 255
  6e:	d8 e0       	ldi	r29, 0x08	; 8
  70:	de bf       	out	0x3e, r29	; 62
  72:	cd bf       	out	0x3d, r28	; 61
  74:	0e 94 40 00 	call	0x80	; 0x80 <main>
  78:	0c 94 66 00 	jmp	0xcc	; 0xcc <_exit>

0000007c <__bad_interrupt>:
  7c:	0c 94 00 00 	jmp	0	; 0x0 <__vectors>

00000080 <main>:
      BUZZ_PORT &= ~_BV(BUZZ); \
      _delay_us(step); \
    }

int main() {
  BUZZ_DDR |= _BV(BUZZ);
  80:	25 9a       	sbi	0x04, 5	; 4
      _delay_us(step); \
      BUZZ_PORT &= ~_BV(BUZZ); \
      _delay_us(step); \
    }

int main() {
  82:	88 ee       	ldi	r24, 0xE8	; 232
  84:	93 e0       	ldi	r25, 0x03	; 3
  BUZZ_DDR |= _BV(BUZZ);
  while (1) {
    TONE(500, 1000);
  86:	2d 9a       	sbi	0x05, 5	; 5
	#else
		//round up by default
		__ticks_dc = (uint32_t)(ceil(fabs(__tmp)));
	#endif

	__builtin_avr_delay_cycles(__ticks_dc);
  88:	ef ec       	ldi	r30, 0xCF	; 207
  8a:	f7 e0       	ldi	r31, 0x07	; 7
  8c:	31 97       	sbiw	r30, 0x01	; 1
  8e:	f1 f7       	brne	.-4      	; 0x8c <main+0xc>
  90:	00 c0       	rjmp	.+0      	; 0x92 <main+0x12>
  92:	00 00       	nop
  94:	2d 98       	cbi	0x05, 5	; 5
  96:	ef ec       	ldi	r30, 0xCF	; 207
  98:	f7 e0       	ldi	r31, 0x07	; 7
  9a:	31 97       	sbiw	r30, 0x01	; 1
  9c:	f1 f7       	brne	.-4      	; 0x9a <main+0x1a>
  9e:	00 c0       	rjmp	.+0      	; 0xa0 <main+0x20>
  a0:	00 00       	nop
  a2:	01 97       	sbiw	r24, 0x01	; 1
  a4:	81 f7       	brne	.-32     	; 0x86 <main+0x6>
  a6:	80 ed       	ldi	r24, 0xD0	; 208
  a8:	97 e0       	ldi	r25, 0x07	; 7
    TONE(250, 1000);
  aa:	2d 9a       	sbi	0x05, 5	; 5
  ac:	e7 ee       	ldi	r30, 0xE7	; 231
  ae:	f3 e0       	ldi	r31, 0x03	; 3
  b0:	31 97       	sbiw	r30, 0x01	; 1
  b2:	f1 f7       	brne	.-4      	; 0xb0 <main+0x30>
  b4:	00 c0       	rjmp	.+0      	; 0xb6 <main+0x36>
  b6:	00 00       	nop
  b8:	2d 98       	cbi	0x05, 5	; 5
  ba:	e7 ee       	ldi	r30, 0xE7	; 231
  bc:	f3 e0       	ldi	r31, 0x03	; 3
  be:	31 97       	sbiw	r30, 0x01	; 1
  c0:	f1 f7       	brne	.-4      	; 0xbe <main+0x3e>
  c2:	00 c0       	rjmp	.+0      	; 0xc4 <main+0x44>
  c4:	00 00       	nop
  c6:	01 97       	sbiw	r24, 0x01	; 1
  c8:	81 f7       	brne	.-32     	; 0xaa <main+0x2a>
  ca:	db cf       	rjmp	.-74     	; 0x82 <main+0x2>

000000cc <_exit>:
  cc:	f8 94       	cli

000000ce <__stop_program>:
  ce:	ff cf       	rjmp	.-2      	; 0xce <__stop_program>
